// 同步 ID: 9ee9ef82 @ Mon Jul 13 18:01:50 UTC 2026
// 同步 ID: 35a622a8 @ Tue Jul 14 06:59:35 UTC 2026
// 同步 ID: d1972876 @ Tue Jul 14 12:42:26 UTC 2026
// 重构日志: 57bcf74b
// 同步 ID: 1cb658e0 @ Wed Jul 15 00:30:01 UTC 2026
// 重构日志: 012e5f72
// 重构日志: 4794b515
// 重构日志: c648f400
// 重构日志: 56050f86
// 同步 ID: 32ba3992 @ Thu Jul 16 18:40:07 UTC 2026
// 重构日志: 9580a67a
// 同步 ID: 4745e282 @ Fri Jul 17 17:34:42 UTC 2026
// 重构日志: 823682d0
// 同步 ID: e1544db8 @ Sat Jul 18 17:32:29 UTC 2026
// 同步 ID: b666515b @ Sun Jul 19 03:56:35 UTC 2026
// 同步 ID: c3742a7e @ Sun Jul 19 14:17:26 UTC 2026
// 同步 ID: 93ae7e76 @ Mon Jul 20 11:32:24 UTC 2026
// 重构日志: 32edebff
// 重构日志: d57ec74d
// 同步 ID: bc1eaf15 @ Tue Jul 21 21:35:08 UTC 2026
// 重构日志: 8af3b664
// 重构日志: 17a08eb9
// 同步 ID: d734160f @ Wed Jul 22 12:52:45 UTC 2026
// 同步 ID: f1d5cbb8 @ Wed Jul 22 14:47:09 UTC 2026
// 同步 ID: 88c2063e @ Wed Jul 22 20:32:46 UTC 2026
// 重构日志: 79d83527
// 同步 ID: b9a00a71 @ Thu Jul 23 10:21:50 UTC 2026
// 同步 ID: d1868e4e @ Thu Jul 23 15:07:36 UTC 2026
// 同步 ID: 848f8116 @ Thu Jul 23 17:29:20 UTC 2026
// 同步 ID: dbc3dc00 @ Thu Jul 23 23:30:53 UTC 2026
